build/app/intermediates/manifest_merge_blame_file/debug/manifest-merger-blame-debug-report.txt
1<?xml version="1.0" encoding="utf-8"?>
2<manifest xmlns:android="http://schemas.android.com/apk/res/android"
3    package="com.example.checkout_integration"
4    android:versionCode="1"
5    android:versionName="1.0.0" >
6
7    <uses-sdk
8        android:minSdkVersion="21"
9        android:targetSdkVersion="34" />
10    <!--
11         The INTERNET permission is required for development. Specifically,
12         the Flutter tool needs it to communicate with the running application
13         to allow setting breakpoints, to provide hot reload, etc.
14    -->
15    <uses-permission android:name="android.permission.INTERNET" />
15-->src/debug/AndroidManifest.xml:6:5-66
15-->src/debug/AndroidManifest.xml:6:22-64
16
17    <queries>
17-->[:flutter_inappwebview] AndroidManifest.xml:9:5-13:15
18        <intent>
18-->[:flutter_inappwebview] AndroidManifest.xml:10:9-12:18
19            <action android:name="android.support.customtabs.action.CustomTabsService" />
19-->[:flutter_inappwebview] AndroidManifest.xml:11:13-90
19-->[:flutter_inappwebview] AndroidManifest.xml:11:21-87
20        </intent>
21        <!-- Added to check the default browser that will host the AuthFlow. -->
22        <intent>
22-->[com.stripe:financial-connections:20.34.4] AndroidManifest.xml:13:9-17:18
23            <action android:name="android.intent.action.VIEW" />
23-->[com.stripe:financial-connections:20.34.4] AndroidManifest.xml:14:13-65
23-->[com.stripe:financial-connections:20.34.4] AndroidManifest.xml:14:21-62
24
25            <data android:scheme="http" />
25-->[com.stripe:financial-connections:20.34.4] AndroidManifest.xml:16:13-43
25-->[com.stripe:financial-connections:20.34.4] AndroidManifest.xml:16:19-40
26        </intent> <!-- Added to check if Chrome is installed for browser-based payment authentication (e.g. 3DS1). -->
27        <package android:name="com.android.chrome" /> <!-- Needs to be explicitly declared on Android R+ -->
27-->[com.stripe:payments-core:20.34.4] AndroidManifest.xml:11:9-54
27-->[com.stripe:payments-core:20.34.4] AndroidManifest.xml:11:18-51
28        <package android:name="com.google.android.apps.maps" />
28-->[com.google.android.gms:play-services-maps:18.0.2] AndroidManifest.xml:33:9-64
28-->[com.google.android.gms:play-services-maps:18.0.2] AndroidManifest.xml:33:18-61
29    </queries>
30
31    <uses-permission android:name="android.permission.ACCESS_NETWORK_STATE" />
31-->[com.stripe:stripe-core:20.34.4] AndroidManifest.xml:7:5-79
31-->[com.stripe:stripe-core:20.34.4] AndroidManifest.xml:7:22-76
32
33    <uses-feature
33-->[com.google.android.gms:play-services-maps:18.0.2] AndroidManifest.xml:26:5-28:35
34        android:glEsVersion="0x00020000"
34-->[com.google.android.gms:play-services-maps:18.0.2] AndroidManifest.xml:27:9-41
35        android:required="true" />
35-->[com.google.android.gms:play-services-maps:18.0.2] AndroidManifest.xml:28:9-32
36
37    <permission
37-->[androidx.core:core:1.10.0] AndroidManifest.xml:22:5-24:47
38        android:name="com.example.checkout_integration.DYNAMIC_RECEIVER_NOT_EXPORTED_PERMISSION"
38-->[androidx.core:core:1.10.0] AndroidManifest.xml:23:9-81
39        android:protectionLevel="signature" />
39-->[androidx.core:core:1.10.0] AndroidManifest.xml:24:9-44
40
41    <uses-permission android:name="com.example.checkout_integration.DYNAMIC_RECEIVER_NOT_EXPORTED_PERMISSION" />
41-->[androidx.core:core:1.10.0] AndroidManifest.xml:26:5-97
41-->[androidx.core:core:1.10.0] AndroidManifest.xml:26:22-94
42
43    <application
44        android:name="android.app.Application"
45        android:appComponentFactory="androidx.core.app.CoreComponentFactory"
45-->[androidx.core:core:1.10.0] AndroidManifest.xml:28:18-86
46        android:debuggable="true"
47        android:icon="@mipmap/ic_launcher"
48        android:label="checkout_integration" >
49        <activity
50            android:name="com.example.checkout_integration.MainActivity"
51            android:configChanges="orientation|keyboardHidden|keyboard|screenSize|smallestScreenSize|locale|layoutDirection|fontScale|screenLayout|density|uiMode"
52            android:exported="true"
53            android:hardwareAccelerated="true"
54            android:launchMode="singleTop"
55            android:theme="@style/LaunchTheme"
56            android:windowSoftInputMode="adjustResize" >
57
58            <!--
59                 Specifies an Android theme to apply to this Activity as soon as
60                 the Android process has started. This theme is visible to the user
61                 while the Flutter UI initializes. After that, this theme continues
62                 to determine the Window background behind the Flutter UI.
63            -->
64            <meta-data
65                android:name="io.flutter.embedding.android.NormalTheme"
66                android:resource="@style/NormalTheme" />
67
68            <intent-filter>
69                <action android:name="android.intent.action.MAIN" />
70
71                <category android:name="android.intent.category.LAUNCHER" />
72            </intent-filter>
73        </activity>
74        <!--
75             Don't delete the meta-data below.
76             This is used by the Flutter tool to generate GeneratedPluginRegistrant.java
77        -->
78        <meta-data
79            android:name="flutterEmbedding"
80            android:value="2" />
81
82        <activity
82-->[:flutter_inappwebview] AndroidManifest.xml:16:9-20:47
83            android:name="com.pichillilorenzo.flutter_inappwebview.in_app_browser.InAppBrowserActivity"
83-->[:flutter_inappwebview] AndroidManifest.xml:17:13-104
84            android:configChanges="orientation|keyboardHidden|keyboard|screenSize|locale|layoutDirection|fontScale|screenLayout|density"
84-->[:flutter_inappwebview] AndroidManifest.xml:18:13-137
85            android:exported="false"
85-->[:flutter_inappwebview] AndroidManifest.xml:19:13-37
86            android:theme="@style/AppTheme" />
86-->[:flutter_inappwebview] AndroidManifest.xml:20:13-44
87        <activity
87-->[:flutter_inappwebview] AndroidManifest.xml:21:9-24:55
88            android:name="com.pichillilorenzo.flutter_inappwebview.chrome_custom_tabs.ChromeCustomTabsActivity"
88-->[:flutter_inappwebview] AndroidManifest.xml:22:13-112
89            android:exported="false"
89-->[:flutter_inappwebview] AndroidManifest.xml:23:13-37
90            android:theme="@style/ThemeTransparent" />
90-->[:flutter_inappwebview] AndroidManifest.xml:24:13-52
91        <activity
91-->[:flutter_inappwebview] AndroidManifest.xml:25:9-28:55
92            android:name="com.pichillilorenzo.flutter_inappwebview.chrome_custom_tabs.TrustedWebActivity"
92-->[:flutter_inappwebview] AndroidManifest.xml:26:13-106
93            android:exported="false"
93-->[:flutter_inappwebview] AndroidManifest.xml:27:13-37
94            android:theme="@style/ThemeTransparent" />
94-->[:flutter_inappwebview] AndroidManifest.xml:28:13-52
95        <activity
95-->[:flutter_inappwebview] AndroidManifest.xml:29:9-33:55
96            android:name="com.pichillilorenzo.flutter_inappwebview.chrome_custom_tabs.ChromeCustomTabsActivitySingleInstance"
96-->[:flutter_inappwebview] AndroidManifest.xml:30:13-126
97            android:exported="false"
97-->[:flutter_inappwebview] AndroidManifest.xml:31:13-37
98            android:launchMode="singleInstance"
98-->[:flutter_inappwebview] AndroidManifest.xml:32:13-48
99            android:theme="@style/ThemeTransparent" />
99-->[:flutter_inappwebview] AndroidManifest.xml:33:13-52
100        <activity
100-->[:flutter_inappwebview] AndroidManifest.xml:34:9-38:55
101            android:name="com.pichillilorenzo.flutter_inappwebview.chrome_custom_tabs.TrustedWebActivitySingleInstance"
101-->[:flutter_inappwebview] AndroidManifest.xml:35:13-120
102            android:exported="false"
102-->[:flutter_inappwebview] AndroidManifest.xml:36:13-37
103            android:launchMode="singleInstance"
103-->[:flutter_inappwebview] AndroidManifest.xml:37:13-48
104            android:theme="@style/ThemeTransparent" />
104-->[:flutter_inappwebview] AndroidManifest.xml:38:13-52
105
106        <receiver
106-->[:flutter_inappwebview] AndroidManifest.xml:40:9-43:40
107            android:name="com.pichillilorenzo.flutter_inappwebview.chrome_custom_tabs.ActionBroadcastReceiver"
107-->[:flutter_inappwebview] AndroidManifest.xml:41:13-111
108            android:enabled="true"
108-->[:flutter_inappwebview] AndroidManifest.xml:42:13-35
109            android:exported="false" />
109-->[:flutter_inappwebview] AndroidManifest.xml:43:13-37
110
111        <meta-data
111-->[:flutter_inappwebview] AndroidManifest.xml:45:9-47:36
112            android:name="io.flutter.embedded_views_preview"
112-->[:flutter_inappwebview] AndroidManifest.xml:46:13-61
113            android:value="true" />
113-->[:flutter_inappwebview] AndroidManifest.xml:47:13-33
114
115        <activity
115-->[com.stripe:financial-connections:20.34.4] AndroidManifest.xml:21:9-65:20
116            android:name="com.stripe.android.financialconnections.FinancialConnectionsSheetRedirectActivity"
116-->[com.stripe:financial-connections:20.34.4] AndroidManifest.xml:22:13-109
117            android:exported="true"
117-->[com.stripe:financial-connections:20.34.4] AndroidManifest.xml:23:13-36
118            android:launchMode="singleTask" >
118-->[com.stripe:financial-connections:20.34.4] AndroidManifest.xml:24:13-44
119            <intent-filter>
119-->[com.stripe:financial-connections:20.34.4] AndroidManifest.xml:25:13-64:29
120                <action android:name="android.intent.action.VIEW" />
120-->[com.stripe:financial-connections:20.34.4] AndroidManifest.xml:14:13-65
120-->[com.stripe:financial-connections:20.34.4] AndroidManifest.xml:14:21-62
121
122                <category android:name="android.intent.category.DEFAULT" />
122-->[com.stripe:financial-connections:20.34.4] AndroidManifest.xml:28:17-76
122-->[com.stripe:financial-connections:20.34.4] AndroidManifest.xml:28:27-73
123                <category android:name="android.intent.category.BROWSABLE" />
123-->[com.stripe:financial-connections:20.34.4] AndroidManifest.xml:29:17-78
123-->[com.stripe:financial-connections:20.34.4] AndroidManifest.xml:29:27-75
124
125                <!-- Returning from app2app: return_url is triggered to reopen web AuthFlow and poll accounts. -->
126                <data
126-->[com.stripe:financial-connections:20.34.4] AndroidManifest.xml:16:13-43
127                    android:host="link-accounts"
128                    android:pathPrefix="/com.example.checkout_integration/authentication_return"
129                    android:scheme="stripe-auth" />
129-->[com.stripe:financial-connections:20.34.4] AndroidManifest.xml:16:19-40
130
131                <!-- Returning from app2app: return_url is triggered to reopen native AuthFlow and poll accounts. -->
132                <data
132-->[com.stripe:financial-connections:20.34.4] AndroidManifest.xml:16:13-43
133                    android:host="link-native-accounts"
134                    android:pathPrefix="/com.example.checkout_integration/authentication_return"
135                    android:scheme="stripe-auth" />
135-->[com.stripe:financial-connections:20.34.4] AndroidManifest.xml:16:19-40
136
137                <!-- End of web AuthFlow success and cancel URIs that begin with "stripe-auth://link-accounts/{app-id}/...” -->
138                <data
138-->[com.stripe:financial-connections:20.34.4] AndroidManifest.xml:16:13-43
139                    android:host="link-accounts"
140                    android:path="/com.example.checkout_integration/success"
141                    android:scheme="stripe-auth" />
141-->[com.stripe:financial-connections:20.34.4] AndroidManifest.xml:16:19-40
142                <data
142-->[com.stripe:financial-connections:20.34.4] AndroidManifest.xml:16:13-43
143                    android:host="link-accounts"
144                    android:path="/com.example.checkout_integration/cancel"
145                    android:scheme="stripe-auth" />
145-->[com.stripe:financial-connections:20.34.4] AndroidManifest.xml:16:19-40
146
147                <!-- Opening app2app: Web flow triggers stripe-auth://native-redirect/{app-id}/http://web-that-redirects-to-native -->
148                <data
148-->[com.stripe:financial-connections:20.34.4] AndroidManifest.xml:16:13-43
149                    android:host="native-redirect"
150                    android:pathPrefix="/com.example.checkout_integration"
151                    android:scheme="stripe-auth" />
151-->[com.stripe:financial-connections:20.34.4] AndroidManifest.xml:16:19-40
152
153                <!-- Accepts success/cancel/fail URIs that begin with "stripe://auth-redirect” -->
154                <data
154-->[com.stripe:financial-connections:20.34.4] AndroidManifest.xml:16:13-43
155                    android:host="auth-redirect"
156                    android:pathPrefix="/com.example.checkout_integration"
157                    android:scheme="stripe" />
157-->[com.stripe:financial-connections:20.34.4] AndroidManifest.xml:16:19-40
158            </intent-filter>
159        </activity>
160        <activity
160-->[com.stripe:financial-connections:20.34.4] AndroidManifest.xml:66:9-69:57
161            android:name="com.stripe.android.financialconnections.FinancialConnectionsSheetActivity"
161-->[com.stripe:financial-connections:20.34.4] AndroidManifest.xml:67:13-101
162            android:exported="false"
162-->[com.stripe:financial-connections:20.34.4] AndroidManifest.xml:68:13-37
163            android:theme="@style/StripeDefaultTheme" />
163-->[com.stripe:financial-connections:20.34.4] AndroidManifest.xml:69:13-54
164        <activity
164-->[com.stripe:financial-connections:20.34.4] AndroidManifest.xml:70:9-74:58
165            android:name="com.stripe.android.financialconnections.ui.FinancialConnectionsSheetNativeActivity"
165-->[com.stripe:financial-connections:20.34.4] AndroidManifest.xml:71:13-110
166            android:exported="false"
166-->[com.stripe:financial-connections:20.34.4] AndroidManifest.xml:72:13-37
167            android:theme="@style/StripeDefaultTheme"
167-->[com.stripe:financial-connections:20.34.4] AndroidManifest.xml:73:13-54
168            android:windowSoftInputMode="adjustResize" />
168-->[com.stripe:financial-connections:20.34.4] AndroidManifest.xml:74:13-55
169
170        <provider
170-->[com.stripe:financial-connections:20.34.4] AndroidManifest.xml:76:9-80:43
171            android:name="com.stripe.android.financialconnections.appinitializer.FinancialConnectionsInitializer"
171-->[com.stripe:financial-connections:20.34.4] AndroidManifest.xml:77:13-114
172            android:authorities="com.example.checkout_integration.financialconnections-init"
172-->[com.stripe:financial-connections:20.34.4] AndroidManifest.xml:78:13-77
173            android:exported="false"
173-->[com.stripe:financial-connections:20.34.4] AndroidManifest.xml:79:13-37
174            android:multiprocess="true" />
174-->[com.stripe:financial-connections:20.34.4] AndroidManifest.xml:80:13-40
175
176        <activity
176-->[com.stripe:paymentsheet:20.34.4] AndroidManifest.xml:8:9-12:58
177            android:name="com.stripe.android.paymentsheet.PaymentSheetActivity"
177-->[com.stripe:paymentsheet:20.34.4] AndroidManifest.xml:9:13-80
178            android:exported="false"
178-->[com.stripe:paymentsheet:20.34.4] AndroidManifest.xml:10:13-37
179            android:theme="@style/StripePaymentSheetDefaultTheme"
179-->[com.stripe:paymentsheet:20.34.4] AndroidManifest.xml:11:13-66
180            android:windowSoftInputMode="adjustResize" />
180-->[com.stripe:paymentsheet:20.34.4] AndroidManifest.xml:12:13-55
181        <activity
181-->[com.stripe:paymentsheet:20.34.4] AndroidManifest.xml:13:9-17:58
182            android:name="com.stripe.android.paymentsheet.PaymentOptionsActivity"
182-->[com.stripe:paymentsheet:20.34.4] AndroidManifest.xml:14:13-82
183            android:exported="false"
183-->[com.stripe:paymentsheet:20.34.4] AndroidManifest.xml:15:13-37
184            android:theme="@style/StripePaymentSheetDefaultTheme"
184-->[com.stripe:paymentsheet:20.34.4] AndroidManifest.xml:16:13-66
185            android:windowSoftInputMode="adjustResize" />
185-->[com.stripe:paymentsheet:20.34.4] AndroidManifest.xml:17:13-55
186        <activity
186-->[com.stripe:paymentsheet:20.34.4] AndroidManifest.xml:18:9-22:58
187            android:name="com.stripe.android.customersheet.CustomerSheetActivity"
187-->[com.stripe:paymentsheet:20.34.4] AndroidManifest.xml:19:13-82
188            android:exported="false"
188-->[com.stripe:paymentsheet:20.34.4] AndroidManifest.xml:20:13-37
189            android:theme="@style/StripePaymentSheetDefaultTheme"
189-->[com.stripe:paymentsheet:20.34.4] AndroidManifest.xml:21:13-66
190            android:windowSoftInputMode="adjustResize" />
190-->[com.stripe:paymentsheet:20.34.4] AndroidManifest.xml:22:13-55
191        <activity
191-->[com.stripe:paymentsheet:20.34.4] AndroidManifest.xml:23:9-26:69
192            android:name="com.stripe.android.paymentsheet.addresselement.AddressElementActivity"
192-->[com.stripe:paymentsheet:20.34.4] AndroidManifest.xml:24:13-97
193            android:exported="false"
193-->[com.stripe:paymentsheet:20.34.4] AndroidManifest.xml:25:13-37
194            android:theme="@style/StripePaymentSheetDefaultTheme" />
194-->[com.stripe:paymentsheet:20.34.4] AndroidManifest.xml:26:13-66
195        <activity
195-->[com.stripe:paymentsheet:20.34.4] AndroidManifest.xml:27:9-30:69
196            android:name="com.stripe.android.paymentsheet.paymentdatacollection.bacs.BacsMandateConfirmationActivity"
196-->[com.stripe:paymentsheet:20.34.4] AndroidManifest.xml:28:13-118
197            android:exported="false"
197-->[com.stripe:paymentsheet:20.34.4] AndroidManifest.xml:29:13-37
198            android:theme="@style/StripePaymentSheetDefaultTheme" />
198-->[com.stripe:paymentsheet:20.34.4] AndroidManifest.xml:30:13-66
199        <activity
199-->[com.stripe:paymentsheet:20.34.4] AndroidManifest.xml:31:9-34:69
200            android:name="com.stripe.android.paymentsheet.paymentdatacollection.polling.PollingActivity"
200-->[com.stripe:paymentsheet:20.34.4] AndroidManifest.xml:32:13-105
201            android:exported="false"
201-->[com.stripe:paymentsheet:20.34.4] AndroidManifest.xml:33:13-37
202            android:theme="@style/StripePaymentSheetDefaultTheme" />
202-->[com.stripe:paymentsheet:20.34.4] AndroidManifest.xml:34:13-66
203        <activity
203-->[com.stripe:paymentsheet:20.34.4] AndroidManifest.xml:35:9-38:69
204            android:name="com.stripe.android.paymentsheet.ui.SepaMandateActivity"
204-->[com.stripe:paymentsheet:20.34.4] AndroidManifest.xml:36:13-82
205            android:exported="false"
205-->[com.stripe:paymentsheet:20.34.4] AndroidManifest.xml:37:13-37
206            android:theme="@style/StripePaymentSheetDefaultTheme" />
206-->[com.stripe:paymentsheet:20.34.4] AndroidManifest.xml:38:13-66
207        <activity
207-->[com.stripe:link:20.34.4] AndroidManifest.xml:8:9-13:61
208            android:name="com.stripe.android.link.LinkForegroundActivity"
208-->[com.stripe:link:20.34.4] AndroidManifest.xml:9:13-74
209            android:autoRemoveFromRecents="true"
209-->[com.stripe:link:20.34.4] AndroidManifest.xml:10:13-49
210            android:configChanges="orientation|keyboard|keyboardHidden|screenLayout|screenSize|smallestScreenSize"
210-->[com.stripe:link:20.34.4] AndroidManifest.xml:11:13-115
211            android:launchMode="singleTop"
211-->[com.stripe:link:20.34.4] AndroidManifest.xml:12:13-43
212            android:theme="@style/StripeTransparentTheme" />
212-->[com.stripe:link:20.34.4] AndroidManifest.xml:13:13-58
213        <activity
213-->[com.stripe:link:20.34.4] AndroidManifest.xml:14:9-31:20
214            android:name="com.stripe.android.link.LinkRedirectHandlerActivity"
214-->[com.stripe:link:20.34.4] AndroidManifest.xml:15:13-79
215            android:autoRemoveFromRecents="true"
215-->[com.stripe:link:20.34.4] AndroidManifest.xml:16:13-49
216            android:exported="true"
216-->[com.stripe:link:20.34.4] AndroidManifest.xml:17:13-36
217            android:launchMode="singleInstance"
217-->[com.stripe:link:20.34.4] AndroidManifest.xml:18:13-48
218            android:theme="@style/StripeTransparentTheme" >
218-->[com.stripe:link:20.34.4] AndroidManifest.xml:19:13-58
219            <intent-filter>
219-->[com.stripe:link:20.34.4] AndroidManifest.xml:20:13-30:29
220                <action android:name="android.intent.action.VIEW" />
220-->[com.stripe:financial-connections:20.34.4] AndroidManifest.xml:14:13-65
220-->[com.stripe:financial-connections:20.34.4] AndroidManifest.xml:14:21-62
221
222                <category android:name="android.intent.category.DEFAULT" />
222-->[com.stripe:financial-connections:20.34.4] AndroidManifest.xml:28:17-76
222-->[com.stripe:financial-connections:20.34.4] AndroidManifest.xml:28:27-73
223                <category android:name="android.intent.category.BROWSABLE" />
223-->[com.stripe:financial-connections:20.34.4] AndroidManifest.xml:29:17-78
223-->[com.stripe:financial-connections:20.34.4] AndroidManifest.xml:29:27-75
224
225                <data
225-->[com.stripe:financial-connections:20.34.4] AndroidManifest.xml:16:13-43
226                    android:host="complete"
227                    android:path="/com.example.checkout_integration"
228                    android:scheme="link-popup" />
228-->[com.stripe:financial-connections:20.34.4] AndroidManifest.xml:16:19-40
229            </intent-filter>
230        </activity>
231        <activity
231-->[com.stripe:payments-ui-core:20.34.4] AndroidManifest.xml:8:9-11:69
232            android:name="com.stripe.android.ui.core.cardscan.CardScanActivity"
232-->[com.stripe:payments-ui-core:20.34.4] AndroidManifest.xml:9:13-80
233            android:exported="false"
233-->[com.stripe:payments-ui-core:20.34.4] AndroidManifest.xml:10:13-37
234            android:theme="@style/StripePaymentSheetDefaultTheme" />
234-->[com.stripe:payments-ui-core:20.34.4] AndroidManifest.xml:11:13-66
235        <activity
235-->[com.stripe:payments-core:20.34.4] AndroidManifest.xml:15:9-18:57
236            android:name="com.stripe.android.view.AddPaymentMethodActivity"
236-->[com.stripe:payments-core:20.34.4] AndroidManifest.xml:16:13-76
237            android:exported="false"
237-->[com.stripe:payments-core:20.34.4] AndroidManifest.xml:17:13-37
238            android:theme="@style/StripeDefaultTheme" />
238-->[com.stripe:payments-core:20.34.4] AndroidManifest.xml:18:13-54
239        <activity
239-->[com.stripe:payments-core:20.34.4] AndroidManifest.xml:19:9-22:57
240            android:name="com.stripe.android.view.PaymentMethodsActivity"
240-->[com.stripe:payments-core:20.34.4] AndroidManifest.xml:20:13-74
241            android:exported="false"
241-->[com.stripe:payments-core:20.34.4] AndroidManifest.xml:21:13-37
242            android:theme="@style/StripeDefaultTheme" />
242-->[com.stripe:payments-core:20.34.4] AndroidManifest.xml:22:13-54
243        <activity
243-->[com.stripe:payments-core:20.34.4] AndroidManifest.xml:23:9-26:57
244            android:name="com.stripe.android.view.PaymentFlowActivity"
244-->[com.stripe:payments-core:20.34.4] AndroidManifest.xml:24:13-71
245            android:exported="false"
245-->[com.stripe:payments-core:20.34.4] AndroidManifest.xml:25:13-37
246            android:theme="@style/StripeDefaultTheme" />
246-->[com.stripe:payments-core:20.34.4] AndroidManifest.xml:26:13-54
247        <activity
247-->[com.stripe:payments-core:20.34.4] AndroidManifest.xml:27:9-31:58
248            android:name="com.stripe.android.view.PaymentAuthWebViewActivity"
248-->[com.stripe:payments-core:20.34.4] AndroidManifest.xml:28:13-78
249            android:exported="false"
249-->[com.stripe:payments-core:20.34.4] AndroidManifest.xml:29:13-37
250            android:theme="@style/StripeDefaultTheme"
250-->[com.stripe:payments-core:20.34.4] AndroidManifest.xml:30:13-54
251            android:windowSoftInputMode="adjustResize" />
251-->[com.stripe:payments-core:20.34.4] AndroidManifest.xml:31:13-55
252        <activity
252-->[com.stripe:payments-core:20.34.4] AndroidManifest.xml:32:9-35:61
253            android:name="com.stripe.android.view.PaymentRelayActivity"
253-->[com.stripe:payments-core:20.34.4] AndroidManifest.xml:33:13-72
254            android:exported="false"
254-->[com.stripe:payments-core:20.34.4] AndroidManifest.xml:34:13-37
255            android:theme="@style/StripeTransparentTheme" />
255-->[com.stripe:payments-core:20.34.4] AndroidManifest.xml:35:13-58
256        <!--
257        Set android:launchMode="singleTop" so that the StripeBrowserLauncherActivity instance that
258        launched the browser Activity will also handle the return URL deep link.
259        -->
260        <activity
260-->[com.stripe:payments-core:20.34.4] AndroidManifest.xml:41:9-45:61
261            android:name="com.stripe.android.payments.StripeBrowserLauncherActivity"
261-->[com.stripe:payments-core:20.34.4] AndroidManifest.xml:42:13-85
262            android:exported="false"
262-->[com.stripe:payments-core:20.34.4] AndroidManifest.xml:43:13-37
263            android:launchMode="singleTask"
263-->[com.stripe:payments-core:20.34.4] AndroidManifest.xml:44:13-44
264            android:theme="@style/StripeTransparentTheme" />
264-->[com.stripe:payments-core:20.34.4] AndroidManifest.xml:45:13-58
265        <activity
265-->[com.stripe:payments-core:20.34.4] AndroidManifest.xml:46:9-63:20
266            android:name="com.stripe.android.payments.StripeBrowserProxyReturnActivity"
266-->[com.stripe:payments-core:20.34.4] AndroidManifest.xml:47:13-88
267            android:exported="true"
267-->[com.stripe:payments-core:20.34.4] AndroidManifest.xml:48:13-36
268            android:launchMode="singleTask"
268-->[com.stripe:payments-core:20.34.4] AndroidManifest.xml:49:13-44
269            android:theme="@style/StripeTransparentTheme" >
269-->[com.stripe:payments-core:20.34.4] AndroidManifest.xml:50:13-58
270            <intent-filter>
270-->[com.stripe:payments-core:20.34.4] AndroidManifest.xml:51:13-62:29
271                <action android:name="android.intent.action.VIEW" />
271-->[com.stripe:financial-connections:20.34.4] AndroidManifest.xml:14:13-65
271-->[com.stripe:financial-connections:20.34.4] AndroidManifest.xml:14:21-62
272
273                <category android:name="android.intent.category.DEFAULT" />
273-->[com.stripe:financial-connections:20.34.4] AndroidManifest.xml:28:17-76
273-->[com.stripe:financial-connections:20.34.4] AndroidManifest.xml:28:27-73
274                <category android:name="android.intent.category.BROWSABLE" />
274-->[com.stripe:financial-connections:20.34.4] AndroidManifest.xml:29:17-78
274-->[com.stripe:financial-connections:20.34.4] AndroidManifest.xml:29:27-75
275
276                <!-- Must match `DefaultReturnUrl#value`. -->
277                <data
277-->[com.stripe:financial-connections:20.34.4] AndroidManifest.xml:16:13-43
278                    android:host="payment_return_url"
279                    android:path="/com.example.checkout_integration"
280                    android:scheme="stripesdk" />
280-->[com.stripe:financial-connections:20.34.4] AndroidManifest.xml:16:19-40
281            </intent-filter>
282        </activity>
283        <activity
283-->[com.stripe:payments-core:20.34.4] AndroidManifest.xml:64:9-67:57
284            android:name="com.stripe.android.payments.core.authentication.threeds2.Stripe3ds2TransactionActivity"
284-->[com.stripe:payments-core:20.34.4] AndroidManifest.xml:65:13-114
285            android:exported="false"
285-->[com.stripe:payments-core:20.34.4] AndroidManifest.xml:66:13-37
286            android:theme="@style/StripeDefaultTheme" />
286-->[com.stripe:payments-core:20.34.4] AndroidManifest.xml:67:13-54
287        <activity
287-->[com.stripe:payments-core:20.34.4] AndroidManifest.xml:68:9-71:66
288            android:name="com.stripe.android.googlepaylauncher.GooglePayLauncherActivity"
288-->[com.stripe:payments-core:20.34.4] AndroidManifest.xml:69:13-90
289            android:exported="false"
289-->[com.stripe:payments-core:20.34.4] AndroidManifest.xml:70:13-37
290            android:theme="@style/StripeGooglePayDefaultTheme" />
290-->[com.stripe:payments-core:20.34.4] AndroidManifest.xml:71:13-63
291        <activity
291-->[com.stripe:payments-core:20.34.4] AndroidManifest.xml:72:9-75:66
292            android:name="com.stripe.android.googlepaylauncher.GooglePayPaymentMethodLauncherActivity"
292-->[com.stripe:payments-core:20.34.4] AndroidManifest.xml:73:13-103
293            android:exported="false"
293-->[com.stripe:payments-core:20.34.4] AndroidManifest.xml:74:13-37
294            android:theme="@style/StripeGooglePayDefaultTheme" />
294-->[com.stripe:payments-core:20.34.4] AndroidManifest.xml:75:13-63
295        <activity
295-->[com.stripe:payments-core:20.34.4] AndroidManifest.xml:76:9-79:68
296            android:name="com.stripe.android.payments.paymentlauncher.PaymentLauncherConfirmationActivity"
296-->[com.stripe:payments-core:20.34.4] AndroidManifest.xml:77:13-107
297            android:exported="false"
297-->[com.stripe:payments-core:20.34.4] AndroidManifest.xml:78:13-37
298            android:theme="@style/StripePayLauncherDefaultTheme" />
298-->[com.stripe:payments-core:20.34.4] AndroidManifest.xml:79:13-65
299        <activity
299-->[com.stripe:payments-core:20.34.4] AndroidManifest.xml:80:9-83:61
300            android:name="com.stripe.android.payments.bankaccount.ui.CollectBankAccountActivity"
300-->[com.stripe:payments-core:20.34.4] AndroidManifest.xml:81:13-97
301            android:exported="false"
301-->[com.stripe:payments-core:20.34.4] AndroidManifest.xml:82:13-37
302            android:theme="@style/StripeTransparentTheme" />